android/build/outputs/proguard/release/seeds.txt
com.ads.puzzle.flag.android.AndroidLauncher
com.ads.puzzle.flag.android.AndroidLauncher: AndroidLauncher()
com.ads.puzzle.flag.android.R$attr
com.ads.puzzle.flag.android.R$attr: R$attr()
com.ads.puzzle.flag.android.R$color
com.ads.puzzle.flag.android.R$color: int b_full
com.ads.puzzle.flag.android.R$color: int bg
com.ads.puzzle.flag.android.R$color: int f_b
com.ads.puzzle.flag.android.R$color: int f_g
com.ads.puzzle.flag.android.R$color: int f_l
com.ads.puzzle.flag.android.R$color: int f_m
com.ads.puzzle.flag.android.R$color: int f_s
com.ads.puzzle.flag.android.R$color: int f_w
com.ads.puzzle.flag.android.R$color: int f_xs
com.ads.puzzle.flag.android.R$color: int g_gray
com.ads.puzzle.flag.android.R$color: int g_green
com.ads.puzzle.flag.android.R$color: int g_lorange
com.ads.puzzle.flag.android.R$color: int g_orange
com.ads.puzzle.flag.android.R$color: int highlight
com.ads.puzzle.flag.android.R$color: int link
com.ads.puzzle.flag.android.R$color: int list_border
com.ads.puzzle.flag.android.R$color: int list_even
com.ads.puzzle.flag.android.R$color: int list_light
com.ads.puzzle.flag.android.R$color: int list_line
com.ads.puzzle.flag.android.R$color: int strip
com.ads.puzzle.flag.android.R$color: int transparent
com.ads.puzzle.flag.android.R$color: int transparent2
com.ads.puzzle.flag.android.R$color: int umipay_oauth_textcolor_normal
com.ads.puzzle.flag.android.R$color: int umipay_oauth_textcolor_pressed
com.ads.puzzle.flag.android.R$color: int widget_border
com.ads.puzzle.flag.android.R$color: R$color()
com.ads.puzzle.flag.android.R$drawable
com.ads.puzzle.flag.android.R$drawable: int auth_follow_cb_chd
com.ads.puzzle.flag.android.R$drawable: int auth_follow_cb_unc
com.ads.puzzle.flag.android.R$drawable: int auth_title_back
com.ads.puzzle.flag.android.R$drawable: int btn_back_nor
com.ads.puzzle.flag.android.R$drawable: int btn_cancel_back
com.ads.puzzle.flag.android.R$drawable: int data
com.ads.puzzle.flag.android.R$drawable: int data_high
com.ads.puzzle.flag.android.R$drawable: int data_low
com.ads.puzzle.flag.android.R$drawable: int edittext_back
com.ads.puzzle.flag.android.R$drawable: int gray_point
com.ads.puzzle.flag.android.R$drawable: int ic_launcher
com.ads.puzzle.flag.android.R$drawable: int img_cancel
com.ads.puzzle.flag.android.R$drawable: int logo_douban
com.ads.puzzle.flag.android.R$drawable: int logo_dropbox
com.ads.puzzle.flag.android.R$drawable: int logo_email
com.ads.puzzle.flag.android.R$drawable: int logo_evernote
com.ads.puzzle.flag.android.R$drawable: int logo_facebook
com.ads.puzzle.flag.android.R$drawable: int logo_flickr
com.ads.puzzle.flag.android.R$drawable: int logo_foursquare
com.ads.puzzle.flag.android.R$drawable: int logo_googleplus
com.ads.puzzle.flag.android.R$drawable: int logo_instagram
com.ads.puzzle.flag.android.R$drawable: int logo_kaixin
com.ads.puzzle.flag.android.R$drawable: int logo_line
com.ads.puzzle.flag.android.R$drawable: int logo_linkedin
com.ads.puzzle.flag.android.R$drawable: int logo_mingdao
com.ads.puzzle.flag.android.R$id
com.ads.puzzle.flag.android.R$id: int umipay_base
com.ads.puzzle.flag.android.R$id: int umipay_base_content
com.ads.puzzle.flag.android.R$id: int umipay_loading_pregressbar
com.ads.puzzle.flag.android.R$id: int umipay_loading_progress_ly
com.ads.puzzle.flag.android.R$id: int umipay_loading_textview
com.ads.puzzle.flag.android.R$id: int umipay_titlebar_layout
com.ads.puzzle.flag.android.R$id: int umipay_titlebar_rightbtn
com.ads.puzzle.flag.android.R$id: int umipay_titlebar_title
com.ads.puzzle.flag.android.R$id: int umipay_webview_contentview
com.ads.puzzle.flag.android.R$id: R$id()
com.ads.puzzle.flag.android.R$layout
com.ads.puzzle.flag.android.R$layout: int umipay_base
com.ads.puzzle.flag.android.R$layout: int umipay_layout_webview
com.ads.puzzle.flag.android.R$layout: int umipay_titlebar
com.ads.puzzle.flag.android.R$layout: R$layout()
...
com.badlogic.gdx.graphics.g3d.model.MeshPart
com.badlogic.gdx.graphics.g3d.model.MeshPart: java.lang.String id
com.badlogic.gdx.graphics.g3d.model.MeshPart: int primitiveType
com.badlogic.gdx.graphics.g3d.model.MeshPart: int indexOffset
com.badlogic.gdx.graphics.g3d.model.MeshPart: int numVertices
com.badlogic.gdx.graphics.g3d.model.MeshPart: com.badlogic.gdx.graphics.Mesh mesh
com.badlogic.gdx.graphics.g3d.model.MeshPart: MeshPart()
com.badlogic.gdx.graphics.g3d.model.MeshPart: MeshPart(java.lang.String,com.badlogic.gdx.graphics.Mesh,int,int,int)
com.badlogic.gdx.graphics.g3d.model.MeshPart: MeshPart(com.badlogic.gdx.graphics.g3d.model.MeshPart)
com.badlogic.gdx.graphics.g3d.model.MeshPart: boolean equals(com.badlogic.gdx.graphics.g3d.model.MeshPart)
com.badlogic.gdx.graphics.g3d.model.MeshPart: boolean equals(java.lang.Object)
com.badlogic.gdx.graphics.g3d.model.Node
com.badlogic.gdx.graphics.g3d.model.Node: java.lang.String id
com.badlogic.gdx.graphics.g3d.model.Node: com.badlogic.gdx.graphics.g3d.model.Node parent
com.badlogic.gdx.graphics.g3d.model.Node: com.badlogic.gdx.utils.Array children
com.badlogic.gdx.graphics.g3d.model.Node: boolean isAnimated
com.badlogic.gdx.graphics.g3d.model.Node: com.badlogic.gdx.math.Vector3 translation
com.badlogic.gdx.graphics.g3d.model.Node: com.badlogic.gdx.math.Quaternion rotation
com.badlogic.gdx.graphics.g3d.model.Node: com.badlogic.gdx.math.Vector3 scale
com.badlogic.gdx.graphics.g3d.model.Node: com.badlogic.gdx.math.Matrix4 localTransform
com.badlogic.gdx.graphics.g3d.model.Node: com.badlogic.gdx.math.Matrix4 globalTransform
com.badlogic.gdx.graphics.g3d.model.Node: com.badlogic.gdx.utils.Array parts
com.badlogic.gdx.graphics.g3d.model.Node: Node()
com.badlogic.gdx.graphics.g3d.model.Node: com.badlogic.gdx.math.Matrix4 calculateLocalTransform()
com.badlogic.gdx.graphics.g3d.model.Node: com.badlogic.gdx.math.Matrix4 calculateWorldTransform()
com.badlogic.gdx.graphics.g3d.model.Node: void calculateTransforms(boolean)
com.badlogic.gdx.graphics.g3d.model.Node: void calculateBoneTransforms(boolean)
com.badlogic.gdx.graphics.g3d.model.Node: com.badlogic.gdx.math.collision.BoundingBox calculateBoundingBox(com.badlogic.gdx.math.collision.BoundingBox)
com.badlogic.gdx.graphics.g3d.model.NodeAnimation
com.badlogic.gdx.graphics.g3d.model.NodeAnimation: com.badlogic.gdx.graphics.g3d.model.Node node
com.badlogic.gdx.graphics.g3d.model.NodeAnimation: com.badlogic.gdx.utils.Array keyframes
com.badlogic.gdx.graphics.g3d.model.NodeAnimation: NodeAnimation()
com.badlogic.gdx.graphics.g3d.model.NodeKeyframe
com.badlogic.gdx.graphics.g3d.model.NodeKeyframe: float keytime
com.badlogic.gdx.graphics.g3d.model.NodeKeyframe: com.badlogic.gdx.math.Vector3 translation
com.badlogic.gdx.graphics.g3d.model.NodeKeyframe: com.badlogic.gdx.math.Vector3 scale
com.badlogic.gdx.graphics.g3d.model.NodeKeyframe: com.badlogic.gdx.math.Quaternion rotation
com.badlogic.gdx.graphics.g3d.model.NodeKeyframe: NodeKeyframe()
com.badlogic.gdx.graphics.g3d.model.NodePart
com.badlogic.gdx.graphics.g3d.model.NodePart: com.badlogic.gdx.graphics.g3d.model.MeshPart meshPart
com.badlogic.gdx.graphics.g3d.model.NodePart: com.badlogic.gdx.graphics.g3d.Material material
com.badlogic.gdx.graphics.g3d.model.NodePart: com.badlogic.gdx.utils.ArrayMap invBoneBindTransforms
com.badlogic.gdx.graphics.g3d.model.NodePart: com.badlogic.gdx.math.Matrix4[] bones
com.badlogic.gdx.graphics.g3d.model.NodePart: boolean enabled
com.badlogic.gdx.graphics.g3d.model.NodePart: NodePart()
com.badlogic.gdx.graphics.g3d.model.NodePart: NodePart(com.badlogic.gdx.graphics.g3d.model.MeshPart,com.badlogic.gdx.graphics.g3d.Material)
com.badlogic.gdx.graphics.g3d.model.NodePart: com.badlogic.gdx.graphics.g3d.Renderable setRenderable(com.badlogic.gdx.graphics.g3d.Renderable)