android/build/outputs/proguard/release/mapping.txt
com.ads.puzzle.flag.android.AndroidLauncher -> com.ads.puzzle.flag.android.AndroidLauncher:
    java.lang.String adPngStr -> a
    java.io.File adPng -> b
    java.lang.String adAtlasStr -> c
    java.io.File adAtlas -> d
    java.lang.String urlStr -> e
    java.io.File url -> f
    boolean initFail -> g
    void onCreate(android.os.Bundle) -> onCreate
    void onBackPressed() -> onBackPressed
    boolean isNetwork() -> a
    void onInitCallback(int,java.lang.String) -> onInitCallback
    java.util.List onReceiveOrders(java.util.List) -> onReceiveOrders
    void loadGameConfig() -> b
    void getObjectWithDestFile(com.baidu.inf.iis.bcs.BaiduBCS,java.lang.String,java.io.File) -> a
    void access$000(com.ads.puzzle.flag.android.AndroidLauncher) -> a
com.ads.puzzle.flag.android.AndroidLauncher$1 -> com.ads.puzzle.flag.android.a:
    com.ads.puzzle.flag.android.AndroidLauncher this$0 -> a
    void run() -> run
com.ads.puzzle.flag.android.AndroidLauncher$2 -> com.ads.puzzle.flag.android.b:
    void onShowSuccess() -> onShowSuccess
    void onShowFailed() -> onShowFailed
com.ads.puzzle.flag.android.AndroidLauncher$3 -> com.ads.puzzle.flag.android.c:
    com.ads.puzzle.flag.android.AndroidLauncher this$0 -> a
    void OnPayProcess(int) -> OnPayProcess
com.ads.puzzle.flag.android.AndroidLauncher$4 -> com.ads.puzzle.flag.android.d:
    void run() -> run
com.ads.puzzle.flag.android.PEventImpl -> com.ads.puzzle.flag.android.e:
    com.ads.puzzle.flag.android.AndroidLauncher launcher -> a
    java.lang.String title -> b
    android.app.ProgressDialog progressDialog -> c
    android.os.Handler handler -> d
    java.lang.String gameLogoImage -> e
    void openNetworkFailDlg() -> h
    void pay() -> a
    void exit$3749f43() -> b
    void save() -> g
    void sos(com.ads.puzzle.flag.screen.GameScreen) -> a
    void invalidateSos() -> c
    void resetGame() -> d
    void share() -> e
    void install(java.lang.String) -> a
    boolean isNetworkEnable() -> f
    boolean note_Intent(android.content.Context) -> a
    void initImagePath() -> i
    java.io.File downLoadFile(java.lang.String) -> b
    java.lang.String access$000(com.ads.puzzle.flag.android.PEventImpl) -> a
    com.ads.puzzle.flag.android.AndroidLauncher access$100(com.ads.puzzle.flag.android.PEventImpl) -> b
    java.lang.String access$200(com.ads.puzzle.flag.android.PEventImpl) -> c
    void access$300(com.ads.puzzle.flag.android.PEventImpl) -> d
com.ads.puzzle.flag.android.PEventImpl$1 -> com.ads.puzzle.flag.android.f:
    com.ads.puzzle.flag.android.PEventImpl this$0 -> a
    void run() -> run
com.ads.puzzle.flag.android.PEventImpl$1$1 -> com.ads.puzzle.flag.android.g:
    void onClick(android.content.DialogInterface,int) -> onClick
com.ads.puzzle.flag.android.PEventImpl$2 -> com.ads.puzzle.flag.android.h:
    com.ads.puzzle.flag.android.PEventImpl this$0 -> a
    void run() -> run
com.ads.puzzle.flag.android.PEventImpl$2$1 -> com.ads.puzzle.flag.android.i:
    com.ads.puzzle.flag.android.PEventImpl$2 this$1 -> a
    void onClick(android.content.DialogInterface,int) -> onClick
com.ads.puzzle.flag.android.PEventImpl$2$2 -> com.ads.puzzle.flag.android.j:
    void onClick(android.content.DialogInterface,int) -> onClick
com.ads.puzzle.flag.android.PEventImpl$2$3 -> com.ads.puzzle.flag.android.k:
    com.ads.puzzle.flag.android.PEventImpl$2 this$1 -> a
    void onClick(android.content.DialogInterface,int) -> onClick
com.ads.puzzle.flag.android.PEventImpl$3 -> com.ads.puzzle.flag.android.l:
    com.ads.puzzle.flag.screen.GameScreen val$gs -> a
    com.ads.puzzle.flag.android.PEventImpl this$0 -> b
    void run() -> run
com.ads.puzzle.flag.android.PEventImpl$3$1 -> com.ads.puzzle.flag.android.m:
    void onClick(android.content.DialogInterface,int) -> onClick
com.ads.puzzle.flag.android.PEventImpl$3$2 -> com.ads.puzzle.flag.android.n:
    com.ads.puzzle.flag.android.PEventImpl$3 this$1 -> a
    void onClick(android.content.DialogInterface,int) -> onClick
...
net.youmi.android.a.h.g -> net.youmi.android.a.h.g:
    net.youmi.android.a.h.e a -> a
    net.youmi.android.a.h.b b -> b
    net.youmi.android.a.h.k c -> c
    net.youmi.android.a.h.y d -> d
    net.youmi.android.a.h.a e -> e
    void setYmWebBrowser(net.youmi.android.a.h.y) -> setYmWebBrowser
    void setExtendJsObject(net.youmi.android.a.h.a) -> setExtendJsObject
    boolean d(java.lang.String) -> d
    boolean i(java.lang.String) -> i
    boolean e(java.lang.String) -> e
    boolean w(java.lang.String) -> w
    boolean dd(java.lang.String) -> dd
    boolean di(java.lang.String) -> di
    boolean de(java.lang.String) -> de
    boolean dw(java.lang.String) -> dw
    java.lang.String a(int,int,java.lang.String) -> a
    net.youmi.android.a.h.b.a a(int) -> a
    net.youmi.android.a.h.b.a b(int) -> b
    net.youmi.android.a.h.b.a c(int) -> c
    net.youmi.android.a.h.b.a d(int) -> d
    net.youmi.android.a.h.b.a e(int) -> e
    net.youmi.android.a.h.b.a f(int) -> f
    net.youmi.android.a.h.b.a g(int) -> g
    net.youmi.android.a.h.b.a h(int) -> h
net.youmi.android.a.h.h -> net.youmi.android.a.h.h:
    java.lang.String a(int,int,java.lang.String) -> a
    boolean d(java.lang.String) -> d
    boolean i(java.lang.String) -> i
    boolean w(java.lang.String) -> w
    boolean e(java.lang.String) -> e
    boolean di(java.lang.String) -> di
    boolean de(java.lang.String) -> de
    boolean dw(java.lang.String) -> dw
    boolean dd(java.lang.String) -> dd
    net.youmi.android.a.h.b.a a(int) -> a
    net.youmi.android.a.h.b.a b(int) -> b
    net.youmi.android.a.h.b.a c(int) -> c
    net.youmi.android.a.h.b.a d(int) -> d
    net.youmi.android.a.h.b.a e(int) -> e
    net.youmi.android.a.h.b.a f(int) -> f
    net.youmi.android.a.h.b.a g(int) -> g
    net.youmi.android.a.h.b.a h(int) -> h
net.youmi.android.a.h.i -> net.youmi.android.a.h.i:
    net.youmi.android.a.a.a.a a -> a
    int b -> b
    java.lang.String c -> c
    java.lang.String d -> d
    java.lang.String e -> e
    long f -> f
    java.lang.String g -> g
    boolean h -> h
    boolean i -> i
    net.youmi.android.a.h.j j -> j
    void a(long) -> a
    long a() -> a
    void a(int) -> a
    java.lang.String b() -> b
    void a(java.lang.String) -> a
    java.lang.String c() -> c
    void b(java.lang.String) -> b
    void c(java.lang.String) -> c
    java.lang.String d() -> d
    void d(java.lang.String) -> d
    boolean e() -> e
    void a(boolean) -> a
    net.youmi.android.a.a.a.a f() -> f
    void a(net.youmi.android.a.a.a.a) -> a
    net.youmi.android.a.h.j g() -> g
    void a(net.youmi.android.a.h.j) -> a
    boolean h() -> h
    void b(boolean) -> b
net.youmi.android.a.h.j -> net.youmi.android.a.h.j:
    java.lang.String a -> a
    java.lang.String b -> b
    java.lang.String c -> c
    java.lang.String d -> d
    java.lang.String a() -> a
    void a(java.lang.String) -> a
    java.lang.String b() -> b
    void b(java.lang.String) -> b
    java.lang.String c() -> c
    void c(java.lang.String) -> c
    java.lang.String d() -> d
    void d(java.lang.String) -> d
    boolean e() -> e
    java.lang.String toString() -> toString
net.youmi.android.a.h.k -> net.youmi.android.a.h.k:
    boolean a(int) -> a
    net.youmi.android.a.h.b.a a(int,int) -> a
net.youmi.android.a.h.l -> net.youmi.android.a.h.l:
    int a -> a
    int b -> b
    java.lang.String c -> c
    int d -> d
    int e -> e
    net.youmi.android.a.h.k f -> f
    boolean a() -> a
    java.lang.String b() -> b
    int c() -> c
    void a(int) -> a
    void a(java.lang.String) -> a
    void b(int) -> b
    int d() -> d
    int e() -> e
    int f() -> f
    net.youmi.android.a.h.k g() -> g
    void a(net.youmi.android.a.h.k) -> a
net.youmi.android.a.h.m -> net.youmi.android.a.h.m:
    java.util.ArrayList a -> a
    java.lang.String b -> b
    void a(java.lang.String) -> a
    boolean a(net.youmi.android.a.h.l) -> a
    net.youmi.android.a.h.l a(int) -> a